0 info it worked if it ends with ok
1 verbose cli [ '/usr/local/bin/node',
1 verbose cli   '/usr/local/bin/npm',
1 verbose cli   'run',
1 verbose cli   'production' ]
2 info using npm@2.14.12
3 info using node@v4.2.4
4 verbose run-script [ 'preproduction', 'production', 'postproduction' ]
5 info preproduction showcaseApp@0.0.1
6 info production showcaseApp@0.0.1
7 verbose unsafe-perm in lifecycle true
8 info showcaseApp@0.0.1 Failed to exec production script
9 verbose stack Error: showcaseApp@0.0.1 production: `NODE_ENV=production webpack-dev-server`
9 verbose stack Exit status 1
9 verbose stack     at EventEmitter.<anonymous> (/usr/local/lib/node_modules/npm/lib/utils/lifecycle.js:214:16)
9 verbose stack     at emitTwo (events.js:87:13)
9 verbose stack     at EventEmitter.emit (events.js:172:7)
9 verbose stack     at ChildProcess.<anonymous> (/usr/local/lib/node_modules/npm/lib/utils/spawn.js:24:14)
9 verbose stack     at emitTwo (events.js:87:13)
9 verbose stack     at ChildProcess.emit (events.js:172:7)
9 verbose stack     at maybeClose (internal/child_process.js:818:16)
9 verbose stack     at Process.ChildProcess._handle.onexit (internal/child_process.js:211:5)
10 verbose pkgid showcaseApp@0.0.1
11 verbose cwd /Users/jgluhov/Development/showcaseApp
12 error Darwin 15.0.0
13 error argv "/usr/local/bin/node" "/usr/local/bin/npm" "run" "production"
14 error node v4.2.4
15 error npm  v2.14.12
16 error code ELIFECYCLE
17 error showcaseApp@0.0.1 production: `NODE_ENV=production webpack-dev-server`
17 error Exit status 1
18 error Failed at the showcaseApp@0.0.1 production script 'NODE_ENV=production webpack-dev-server'.
18 error This is most likely a problem with the showcaseApp package,
18 error not with npm itself.
18 error Tell the author that this fails on your system:
18 error     NODE_ENV=production webpack-dev-server
18 error You can get their info via:
18 error     npm owner ls showcaseApp
18 error There is likely additional logging output above.
19 verbose exit [ 1, true ]
